  2DScene.cpp
  3DScene.cpp
  ActiveBillboard.cpp
  BezierBill.cpp
BezierBill.cpp(99): warning C4244: '初期化中': 'double' から 'float' への変換です。データが失われる可能性があります。
BezierBill.cpp(100): warning C4244: '初期化中': 'double' から 'float' への変換です。データが失われる可能性があります。
BezierBill.cpp(181): warning C4244: '引数': 'double' から 'FLOAT' への変換です。データが失われる可能性があります。
BezierBill.cpp(258): warning C4244: '引数': 'double' から 'FLOAT' への変換です。データが失われる可能性があります。
BezierBill.cpp(422): warning C4244: '引数': 'double' から 'FLOAT' への変換です。データが失われる可能性があります。
  billeffect.cpp
  BulletHoll.cpp
  Butten.cpp
Butten.cpp(26): warning C4244: '初期化中': 'float' から 'int' への変換です。データが失われる可能性があります。
Butten.cpp(29): warning C4244: '初期化中': 'float' から 'int' への変換です。データが失われる可能性があります。
Butten.cpp(365): warning C4244: '引数': 'float' から 'int' への変換です。データが失われる可能性があります。
Butten.cpp(374): warning C4244: '引数': 'float' から 'int' への変換です。データが失われる可能性があります。
Butten.cpp(392): warning C4244: '引数': 'float' から 'int' への変換です。データが失われる可能性があります。
Butten.cpp(395): warning C4244: '引数': 'float' から 'int' への変換です。データが失われる可能性があります。
  camera.cpp
  control.cpp
  effect.cpp
  fade.cpp
  field.cpp
  FieldEffect.cpp
  input.cpp
  IntermediateSave.cpp
  keyboard.cpp
  light.cpp
  load.cpp
  LoadEffect.cpp
LoadEffect.cpp(475): warning C4800: 'int': ブール値を 'true' または 'false' に強制的に設定します (警告の処理)
LoadEffect.cpp(488): warning C4800: 'int': ブール値を 'true' または 'false' に強制的に設定します (警告の処理)
LoadEffect.cpp(490): warning C4800: 'int': ブール値を 'true' または 'false' に強制的に設定します (警告の処理)
LoadEffect.cpp(417): warning C4477: 'fscanf' : 書式文字列 '%f' には、型 'float *' の引数が必要ですが、可変個引数 1 は型 'D3DXVECTOR2 *' です
  main.cpp
  コンパイル中...
  manager.cpp
  MeshEffect.cpp
  model.cpp
  mouse.cpp
  Movement.cpp
  object.cpp
  plane.cpp
  player.cpp
player.cpp(27): warning C4244: '初期化中': 'float' から 'int' への変換です。データが失われる可能性があります。
player.cpp(30): warning C4244: '初期化中': 'float' から 'int' への変換です。データが失われる可能性があります。
player.cpp(500): warning C4244: '引数': 'const float' から 'int' への変換です。データが失われる可能性があります。
  PresetSetEffect.cpp
PresetSetEffect.cpp(294): warning C4244: '引数': 'float' から 'int' への変換です。データが失われる可能性があります。
PresetSetEffect.cpp(415): warning C4244: '引数': 'int' から 'float' への変換です。データが失われる可能性があります。
PresetSetEffect.cpp(530): warning C4244: '引数': 'int' から 'float' への変換です。データが失われる可能性があります。
PresetSetEffect.cpp(530): warning C4244: '引数': 'double' から 'float' への変換です。データが失われる可能性があります。
PresetSetEffect.cpp(561): warning C4244: '引数': 'int' から 'float' への変換です。データが失われる可能性があります。
PresetSetEffect.cpp(601): warning C4244: '引数': 'int' から 'float' への変換です。データが失われる可能性があります。
PresetSetEffect.cpp(634): warning C4244: '引数': 'int' から 'float' への変換です。データが失われる可能性があります。
PresetSetEffect.cpp(634): warning C4244: '引数': 'float' から 'int' への変換です。データが失われる可能性があります。
  renderer.cpp
  Rotate.cpp
  Rotate3d.cpp
  scene.cpp
  scene2d.cpp
  scene3d.cpp
  seteffect.cpp
seteffect.cpp(207): warning C4244: '引数': 'float' から 'int' への変換です。データが失われる可能性があります。
  SetEffect3d.cpp
SetEffect3d.cpp(28): warning C4244: '初期化中': 'float' から 'int' への変換です。データが失われる可能性があります。
SetEffect3d.cpp(31): warning C4244: '初期化中': 'float' から 'int' への変換です。データが失われる可能性があります。
SetEffect3d.cpp(188): warning C4244: '引数': 'double' から 'float' への変換です。データが失われる可能性があります。
  SetMesh.cpp
  Sphere.cpp
  SphereEffect.cpp
  コンパイル中...
  straight3d.cpp
  MouseTracking.cpp
  ThunderBill.cpp
  Trajectory.cpp
  コード生成しています。
  628 of 631 functions (99.5%) were compiled, the rest were copied from previous compilation.
    15 functions were new in current compilation
    0 functions had inline decision re-evaluated but remain unchanged
  コード生成が終了しました。
  Effect_Tool.vcxproj -> C:\Users\student\Desktop\git\Syukatu\吉田学園情報ビジネス専門学校_佐藤秀亮\エフェクトツール\作品フォルダ\Effect_Tool\Release\Effect_Tool.exe
  Effect_Tool.vcxproj -> C:\Users\student\Desktop\git\Syukatu\吉田学園情報ビジネス専門学校_佐藤秀亮\エフェクトツール\作品フォルダ\Effect_Tool\Release\Effect_Tool.pdb (Full PDB)
